#
# A fatal error has been detected by the Java Runtime Environment:
#
#  EXCEPTION_ACCESS_VIOLATION (0xc0000005) at pc=0x00000000692d6610, pid=4544, tid=7556
#
# JRE version: 6.0_26-b03
# Java VM: Java HotSpot(TM) 64-Bit Server VM (20.1-b02 mixed mode windows-amd64 compressed oops)
# Problematic frame:
# C  [atio6axx.dll+0x2a6610]
#
# If you would like to submit a bug report, please visit:
#   http://java.sun.com/webapps/bugreport/crash.jsp
# The crash happened outside the Java Virtual Machine in native code.
# See problematic frame for where to report the bug.
#

---------------  T H R E A D  ---------------

Current thread (0x000000000032b800):  JavaThread "main" [_thread_in_native, id=7556, stack(0x00000000023a0000,0x00000000024a0000)]

siginfo: ExceptionCode=0xc0000005, reading address 0x0000000000000000

Registers:
RAX=0x0000000000000000, RBX=0x0000000000000001, RCX=0x00000000094eff00, RDX=0x0000000000000000
RSP=0x000000000249f2f0, RBP=0x000000006a22e8f8, RSI=0x0000000000000002, RDI=0x00000000094eff00
R8 =0x00000000094eff40, R9 =0xfffffffff6b10100, R10=0x00000000094eff21, R11=0x000000000249f7c8
R12=0x0000000000000040, R13=0x0000000000000004, R14=0x000000006a22ea30, R15=0x000000006a22ce80
RIP=0x00000000692d6610, EFLAGS=0x0000000000010287

Top of Stack: (sp=0x000000000249f2f0)
0x000000000249f2f0:   0000000000000002 0000000069383d28
0x000000000249f300:   0000000000000010 0000000000000001
0x000000000249f310:   000000006a22e8f8 0000000000000000
0x000000000249f320:   0000000008aa2ca0 0000000069e07a3f
0x000000000249f330:   0000000000000040 0000000000000001
0x000000000249f340:   0000000000000030 00000000089e44f8
0x000000000249f350:   0000000008aa2ca0 0000000069936a45
0x000000000249f360:   0000000008b25720 0000000000000000
0x000000000249f370:   00000000089e44f8 0000000007df2c00
0x000000000249f380:   0000000008aa2ca0 0000000069937470
0x000000000249f390:   00000000089078a0 0000000007df2c00
0x000000000249f3a0:   00000000089e44f8 0000000000000000
0x000000000249f3b0:   0000000000000000 0000000007e091c0
0x000000000249f3c0:   000000000000ff00 000000000249f430
0x000000000249f3d0:   0000000000000000 00000000089078a0
0x000000000249f3e0:   0000000007ea97f0 0000000007df2c00 

Instructions: (pc=0x00000000692d6610)
0x00000000692d65f0:   ef 48 83 c4 08 c3 45 8b c0 4c 03 c1 4d 8d 50 e1
0x00000000692d6600:   49 3b ca 73 38 4c 8b ca 4c 2b c9 0f 1f 44 00 00
0x00000000692d6610:   48 8b 02 48 83 c1 20 48 83 c2 20 48 89 41 e0 49
0x00000000692d6620:   8b 44 09 e8 48 89 41 e8 48 8b 42 f0 48 89 41 f0 


Register to memory mapping:

RAX=0x0000000000000000 is an unknown value
RBX=0x0000000000000001 is an unknown value
RCX=0x00000000094eff00 is an unknown value
RDX=0x0000000000000000 is an unknown value
RSP=0x000000000249f2f0 is pointing into the stack for thread: 0x000000000032b800
RBP=0x000000006a22e8f8 is an unknown value
RSI=0x0000000000000002 is an unknown value
RDI=0x00000000094eff00 is an unknown value
R8 =0x00000000094eff40 is an unknown value
R9 =0xfffffffff6b10100 is an unknown value
R10=0x00000000094eff21 is an unknown value
R11=0x000000000249f7c8 is pointing into the stack for thread: 0x000000000032b800
R12=0x0000000000000040 is an unknown value
R13=0x0000000000000004 is an unknown value
R14=0x000000006a22ea30 is an unknown value
R15=0x000000006a22ce80 is an unknown value


Stack: [0x00000000023a0000,0x00000000024a0000],  sp=0x000000000249f2f0,  free space=1020k
Native frames: (J=compiled Java code, j=interpreted, Vv=VM code, C=native code)
C  [atio6axx.dll+0x2a6610]  atiPPHSN+0x190aa0

Java frames: (J=compiled Java code, j=interpreted, Vv=VM code)
j  org.lwjgl.opengl.GL11.nglDrawArrays(IIIJ)V+0
j  org.lwjgl.opengl.GL11.glDrawArrays(III)V+20
j  Testing.VBOTest.<init>()V+232
j  Testing.VBOTest.main([Ljava/lang/String;)V+3
v  ~StubRoutines::call_stub

---------------  P R O C E S S  ---------------

Java Threads: ( => current thread )
  0x000000000657e800 JavaThread "Low Memory Detector" daemon [_thread_blocked, id=7864, stack(0x0000000006b20000,0x0000000006c20000)]
  0x000000000657b800 JavaThread "C2 CompilerThread1" daemon [_thread_blocked, id=7924, stack(0x0000000006a20000,0x0000000006b20000)]
  0x0000000006576000 JavaThread "C2 CompilerThread0" daemon [_thread_blocked, id=2640, stack(0x0000000006920000,0x0000000006a20000)]
  0x0000000006573000 JavaThread "Attach Listener" daemon [_thread_blocked, id=7640, stack(0x0000000006820000,0x0000000006920000)]
  0x000000000656e000 JavaThread "Signal Dispatcher" daemon [_thread_blocked, id=6724, stack(0x0000000006720000,0x0000000006820000)]
  0x00000000002c5000 JavaThread "Finalizer" daemon [_thread_blocked, id=432, stack(0x0000000006420000,0x0000000006520000)]
  0x00000000002c3800 JavaThread "Reference Handler" daemon [_thread_blocked, id=7960, stack(0x0000000006320000,0x0000000006420000)]
=>0x000000000032b800 JavaThread "main" [_thread_in_native, id=7556, stack(0x00000000023a0000,0x00000000024a0000)]

Other Threads:
  0x00000000002bb800 VMThread [stack: 0x0000000006220000,0x0000000006320000] [id=4196]
  0x000000000658f800 WatcherThread [stack: 0x0000000006c20000,0x0000000006d20000] [id=7508]

VM state:not at safepoint (normal execution)

VM Mutex/Monitor currently owned by a thread: None

Heap
 PSYoungGen      total 18752K, used 3391K [0x00000000eb160000, 0x00000000ec640000, 0x0000000100000000)
  eden space 16128K, 21% used [0x00000000eb160000,0x00000000eb4afe58,0x00000000ec120000)
  from space 2624K, 0% used [0x00000000ec3b0000,0x00000000ec3b0000,0x00000000ec640000)
  to   space 2624K, 0% used [0x00000000ec120000,0x00000000ec120000,0x00000000ec3b0000)
 PSOldGen        total 42880K, used 0K [0x00000000c1400000, 0x00000000c3de0000, 0x00000000eb160000)
  object space 42880K, 0% used [0x00000000c1400000,0x00000000c1400000,0x00000000c3de0000)
 PSPermGen       total 21248K, used 4816K [0x00000000bc200000, 0x00000000bd6c0000, 0x00000000c1400000)
  object space 21248K, 22% used [0x00000000bc200000,0x00000000bc6b43f8,0x00000000bd6c0000)

Code Cache  [0x00000000024a0000, 0x0000000002710000, 0x00000000054a0000)
 total_blobs=298 nmethods=18 adapters=234 free_code_cache=49867328 largest_free_block=7296

Dynamic libraries:
0x0000000000400000 - 0x000000000042e000 	C:\glassfish3\jdk\bin\javaw.exe
0x0000000077600000 - 0x00000000777a9000 	C:\windows\SYSTEM32\ntdll.dll
0x0000000077380000 - 0x000000007749f000 	C:\windows\system32\kernel32.dll
0x000007fefd1d0000 - 0x000007fefd23c000 	C:\windows\system32\KERNELBASE.dll
0x000007fefe2d0000 - 0x000007fefe3ab000 	C:\windows\system32\ADVAPI32.dll
0x000007fefdff0000 - 0x000007fefe08f000 	C:\windows\system32\msvcrt.dll
0x000007fefd240000 - 0x000007fefd25f000 	C:\windows\SYSTEM32\sechost.dll
0x000007fefe3b0000 - 0x000007fefe4dd000 	C:\windows\system32\RPCRT4.dll
0x0000000076f20000 - 0x000000007701a000 	C:\windows\system32\USER32.dll
0x000007fefe800000 - 0x000007fefe867000 	C:\windows\system32\GDI32.dll
0x000007fefecd0000 - 0x000007fefecde000 	C:\windows\system32\LPK.dll
0x000007fefea20000 - 0x000007fefeae9000 	C:\windows\system32\USP10.dll
0x000007fefecf0000 - 0x000007fefed1e000 	C:\windows\system32\IMM32.DLL
0x000007fefe4e0000 - 0x000007fefe5e9000 	C:\windows\system32\MSCTF.dll
0x000000006d890000 - 0x000000006e048000 	C:\glassfish3\jdk\jre\bin\server\jvm.dll
0x000007fefaee0000 - 0x000007fefaf1b000 	C:\windows\system32\WINMM.dll
0x000000006d800000 - 0x000000006d80e000 	C:\glassfish3\jdk\jre\bin\verify.dll
0x000000006d450000 - 0x000000006d477000 	C:\glassfish3\jdk\jre\bin\java.dll
0x00000000777d0000 - 0x00000000777d7000 	C:\windows\system32\PSAPI.DLL
0x000000006d850000 - 0x000000006d862000 	C:\glassfish3\jdk\jre\bin\zip.dll
0x0000000180000000 - 0x000000018004f000 	C:\Users\Shadow Stalker\Documents\GitHub\DND\LWJGL\lwjgl-2.8.4\native\windows\lwjgl64.dll
0x000007fef4f30000 - 0x000007fef504d000 	C:\windows\system32\OPENGL32.dll
0x000007fef4f00000 - 0x000007fef4f2d000 	C:\windows\system32\GLU32.dll
0x000007fef4e00000 - 0x000007fef4ef1000 	C:\windows\system32\DDRAW.dll
0x000007fef4df0000 - 0x000007fef4df8000 	C:\windows\system32\DCIMAN32.dll
0x000007fefeaf0000 - 0x000007fefecc7000 	C:\windows\system32\SETUPAPI.dll
0x000007fefd090000 - 0x000007fefd0c6000 	C:\windows\system32\CFGMGR32.dll
0x000007fefe890000 - 0x000007fefe967000 	C:\windows\system32\OLEAUT32.dll
0x000007fefe5f0000 - 0x000007fefe7f3000 	C:\windows\system32\ole32.dll
0x000007fefd1b0000 - 0x000007fefd1ca000 	C:\windows\system32\DEVOBJ.dll
0x000007fefaf60000 - 0x000007fefaf78000 	C:\windows\system32\dwmapi.dll
0x000007fefbfd0000 - 0x000007fefbfdc000 	C:\windows\system32\VERSION.dll
0x000007fefb810000 - 0x000007fefba04000 	C:\windows\WinSxS\amd64_microsoft.windows.common-controls_6595b64144ccf1df_6.0.7601.17514_none_fa396087175ac9ac\COMCTL32.dll
0x000007fefe130000 - 0x000007fefe1a1000 	C:\windows\system32\SHLWAPI.dll
0x000007fefb5e0000 - 0x000007fefb636000 	C:\windows\system32\uxtheme.dll
0x000007fef78b0000 - 0x000007fef78b8000 	C:\windows\system32\atig6pxx.dll
0x0000000069030000 - 0x000000006a343000 	C:\windows\system32\atio6axx.dll
0x000007fef7730000 - 0x000007fef7738000 	C:\windows\system32\atig6txx.dll
0x00000000703b0000 - 0x0000000070442000 	C:\windows\system32\aticfx64.dll
0x0000000006f60000 - 0x0000000006fb6000 	C:\windows\system32\atiadlxx.dll
0x000007fefd0d0000 - 0x000007fefd10a000 	C:\windows\system32\WINTRUST.dll
0x000007fefcf20000 - 0x000007fefd08a000 	C:\windows\system32\CRYPT32.dll
0x000007fefcf10000 - 0x000007fefcf1f000 	C:\windows\system32\MSASN1.dll
0x000007fefcd60000 - 0x000007fefcd6f000 	C:\windows\system32\CRYPTBASE.dll
0x000007feef6b0000 - 0x000007feef74c000 	C:\windows\system32\mscms.dll
0x000007fefc1b0000 - 0x000007fefc1ce000 	C:\windows\system32\USERENV.dll
0x000007fefce70000 - 0x000007fefce7f000 	C:\windows\system32\profapi.dll
0x000007fef2620000 - 0x000007fef2662000 	C:\windows\system32\icm32.dll

VM Arguments:
jvm_args: -Djava.library.path=C:\Users\Shadow Stalker\Documents\GitHub\DND\LWJGL\lwjgl-2.8.4\native\windows -Dfile.encoding=Cp1252 
java_command: Testing.VBOTest
Launcher Type: SUN_STANDARD

Environment Variables:
JAVA_HOME=C:\glassfish3\jdk
CLASSPATH=.;C:\Program Files (x86)\Java\jre7\lib\ext\QTJava.zip
PATH=C:/glassfish3/jdk/bin/../jre/bin/server;C:/glassfish3/jdk/bin/../jre/bin;C:/glassfish3/jdk/bin/../jre/lib/amd64;C:\Program Files (x86)\NVIDIA Corporation\PhysX\Common;JAVAHOME\bin;C:\glassfish3\jdk\bin;c:\Program Files (x86)\Microsoft SQL Server\100\Tools\Binn\;c:\Program Files\Microsoft SQL Server\100\Tools\Binn\;c:\Program Files\Microsoft SQL Server\100\DTS\Binn\;C:\Program Files (x86)\Autodesk\Backburner\;C:\Program Files\Common Files\Autodesk Shared\;C:\Windows\System32;C:\Program Files\Java\apache-ant-1.8.4\bin;C:\Program Files (x86)\QuickTime\QTSystem\;C:\Users\Shadow Stalker\Desktop\Programming\eclipse;
USERNAME=Shadow Stalker
OS=Windows_NT
PROCESSOR_IDENTIFIER=Intel64 Family 6 Model 37 Stepping 5, GenuineIntel



---------------  S Y S T E M  ---------------

OS: Windows 7 Build 7601 Service Pack 1

CPU:total 4 (2 cores per cpu, 2 threads per core) family 6 model 37 stepping 5, cmov, cx8, fxsr, mmx, sse, sse2, sse3, ssse3, sse4.1, sse4.2, popcnt, ht

Memory: 4k page, physical 4110408k(2182220k free), swap 8218964k(4606656k free)

vm_info: Java HotSpot(TM) 64-Bit Server VM (20.1-b02) for windows-amd64 JRE (1.6.0_26-b03), built on May  4 2011 07:15:24 by "java_re" with MS VC++ 8.0 (VS2005)

time: Sat May 11 20:34:00 2013
elapsed time: 1 seconds

